[INFO  - 2019-11-24T15:59:40.708Z] GhostDriver - Main - running on port 23099
[INFO  - 2019-11-24T15:59:41.113Z] Session [6c990f40-0ed3-11ea-8fe8-21e330b837d8] - page.settings - {"XSSAuditingEnabled":false,"javascriptCanCloseWindows":true,"javascriptCanOpenWindows":true,"javascriptEnabled":true,"loadImages":true,"localToRemoteUrlAccessEnabled":false,"userAgent":"Mozilla/5.0 (Windows NT 6.1) AppleWebKit/538.1 (KHTML, like Gecko) PhantomJS/2.1.1 Safari/538.1","webSecurityEnabled":true}
[INFO  - 2019-11-24T15:59:41.113Z] Session [6c990f40-0ed3-11ea-8fe8-21e330b837d8] - page.customHeaders:  - {}
[INFO  - 2019-11-24T15:59:41.113Z] Session [6c990f40-0ed3-11ea-8fe8-21e330b837d8] - Session.negotiatedCapabilities - {"browserName":"phantomjs","version":"2.1.1","driverName":"ghostdriver","driverVersion":"1.2.0","platform":"windows-7-32bit","javascriptEnabled":true,"takesScreenshot":true,"handlesAlerts":false,"databaseEnabled":false,"locationContextEnabled":false,"applicationCacheEnabled":false,"browserConnectionEnabled":false,"cssSelectorsEnabled":true,"webStorageEnabled":false,"rotatable":false,"acceptSslCerts":false,"nativeEvents":true,"proxy":{"proxyType":"direct"}}
[INFO  - 2019-11-24T15:59:41.113Z] SessionManagerReqHand - _postNewSessionCommand - New Session Created: 6c990f40-0ed3-11ea-8fe8-21e330b837d8
[INFO  - 2019-11-24T16:04:41.142Z] SessionManagerReqHand - _cleanupWindowlessSessions - Asynchronous Sessions clean-up phase starting NOW
[INFO  - 2019-11-24T16:09:41.207Z] SessionManagerReqHand - _cleanupWindowlessSessions - Asynchronous Sessions clean-up phase starting NOW
scriptEnabled":true,"loadImages":true,"localToRemoteUrlAccessEnabled":false,"userAgent":"Mozilla/5.0 (Windows NT 6.1) AppleWebKit/538.1 (KHTML, like Gecko) PhantomJS/2.1.1 Safari/538.1","webSecurityEnabled":true}
[INFO  - 2019-11-24T16:00:18.475Z] Session [82de0c60-0ed3-11ea-9696-2d64552c9baf] - page.customHeaders:  - {}
[INFO  - 2019-11-24T16:00:18.475Z] Session [82de0c60-0ed3-11ea-9696-2d64552c9baf] - Session.negotiatedCapabilities - {"browserName":"phantomjs","version":"2.1.1","driverName":"ghostdriver","driverVersion":"1.2.0","platform":"windows-7-32bit","javascriptEnabled":true,"takesScreenshot":true,"handlesAlerts":false,"databaseEnabled":false,"locationContextEnabled":false,"applicationCacheEnabled":false,"browserConnectionEnabled":false,"cssSelectorsEnabled":true,"webStorageEnabled":false,"rotatable":false,"acceptSslCerts":false,"nativeEvents":true,"proxy":{"proxyType":"direct"}}
[INFO  - 2019-11-24T16:00:18.475Z] SessionManagerReqHand - _postNewSessionCommand - New Session Created: 82de0c60-0ed3-11ea-9696-2d64552c9baf
[INFO  - 2019-11-24T16:05:17.984Z] SessionManagerReqHand - _cleanupWindowlessSessions - Asynchronous Sessions clean-up phase starting NOW
[INFO  - 2019-11-24T16:10:18.045Z] SessionManagerReqHand - _cleanupWindowlessSessions - Asynchronous Sessions clean-up phase starting NOW
[INFO  - 2019-11-24T16:14:12.524Z] GhostDriver - Main - running on port 29510
[INFO  - 2019-11-24T16:14:13.047Z] Session [744fa120-0ed5-11ea-b0fc-cf5c546ecd90] - page.settings - {"XSSAuditingEnabled":false,"javascriptCanCloseWindows":true,"javascriptCanOpenWindows":true,"javascriptEnabled":true,"loadImages":true,"localToRemoteUrlAccessEnabled":false,"userAgent":"Mozilla/5.0 (Windows NT 6.1) AppleWebKit/538.1 (KHTML, like Gecko) PhantomJS/2.1.1 Safari/538.1","webSecurityEnabled":true}
[INFO  - 2019-11-24T16:14:13.047Z] Session [744fa120-0ed5-11ea-b0fc-cf5c546ecd90] - page.customHeaders:  - {}
[INFO  - 2019-11-24T16:14:13.047Z] Session [744fa120-0ed5-11ea-b0fc-cf5c546ecd90] - Session.negotiatedCapabilities - {"browserName":"phantomjs","version":"2.1.1","driverName":"ghostdriver","driverVersion":"1.2.0","platform":"windows-7-32bit","javascriptEnabled":true,"takesScreenshot":true,"handlesAlerts":false,"databaseEnabled":false,"locationContextEnabled":false,"applicationCacheEnabled":false,"browserConnectionEnabled":false,"cssSelectorsEnabled":true,"webStorageEnabled":false,"rotatable":false,"acceptSslCerts":false,"nativeEvents":true,"proxy":{"proxyType":"direct"}}
[INFO  - 2019-11-24T16:14:13.047Z] SessionManagerReqHand - _postNewSessionCommand - New Session Created: 744fa120-0ed5-11ea-b0fc-cf5c546ecd90
[INFO  - 2020-01-13T10:56:46.358Z] GhostDriver - Main - running on port 9305
[INFO  - 2020-01-13T10:56:47.090Z] Session [64b092c0-35f3-11ea-93c1-a7315728698a] - page.settings - {"XSSAuditingEnabled":false,"javascriptCanCloseWindows":true,"javascriptCanOpenWindows":true,"javascriptEnabled":true,"loadImages":true,"localToRemoteUrlAccessEnabled":false,"userAgent":"Mozilla/5.0 (Windows NT 6.2; WOW64) AppleWebKit/538.1 (KHTML, like Gecko) PhantomJS/2.1.1 Safari/538.1","webSecurityEnabled":true}
[INFO  - 2020-01-13T10:56:47.090Z] Session [64b092c0-35f3-11ea-93c1-a7315728698a] - page.customHeaders:  - {}
[INFO  - 2020-01-13T10:56:47.090Z] Session [64b092c0-35f3-11ea-93c1-a7315728698a] - Session.negotiatedCapabilities - {"browserName":"phantomjs","version":"2.1.1","driverName":"ghostdriver","driverVersion":"1.2.0","platform":"windows-10-32bit","javascriptEnabled":true,"takesScreenshot":true,"handlesAlerts":false,"databaseEnabled":false,"locationContextEnabled":false,"applicationCacheEnabled":false,"browserConnectionEnabled":false,"cssSelectorsEnabled":true,"webStorageEnabled":false,"rotatable":false,"acceptSslCerts":false,"nativeEvents":true,"proxy":{"proxyType":"direct"}}
[INFO  - 2020-01-13T10:56:47.091Z] SessionManagerReqHand - _postNewSessionCommand - New Session Created: 64b092c0-35f3-11ea-93c1-a7315728698a
[INFO  - 2020-01-13T11:01:46.369Z] SessionManagerReqHand - _cleanupWindowlessSessions - Asynchronous Sessions clean-up phase starting NOW
[INFO  - 2020-01-13T11:06:46.389Z] SessionManagerReqHand - _cleanupWindowlessSessions - Asynchronous Sessions clean-up phase starting NOW
[INFO  - 2020-01-13T11:11:46.387Z] SessionManagerReqHand - _cleanupWindowlessSessions - Asynchronous Sessions clean-up phase starting NOW
[INFO  - 2020-01-13T11:16:46.392Z] SessionManagerReqHand - _cleanupWindowlessSessions - Asynchronous Sessions clean-up phase starting NOW
[INFO  - 2020-01-13T11:21:46.392Z] SessionManagerReqHand - _cleanupWindowlessSessions - Asynchronous Sessions clean-up phase starting NOW
[INFO  - 2020-01-13T11:26:46.393Z] SessionManagerReqHand - _cleanupWindowlessSessions - Asynchronous Sessions clean-up phase starting NOW
5-11ea-bd7f-a9f04d659958] - page.customHeaders:  - {}
[INFO  - 2020-01-13T11:10:15.447Z] Session [46825e30-35f5-11ea-bd7f-a9f04d659958] - Session.negotiatedCapabilities - {"browserName":"phantomjs","version":"2.1.1","driverName":"ghostdriver","driverVersion":"1.2.0","platform":"windows-10-32bit","javascriptEnabled":true,"takesScreenshot":true,"handlesAlerts":false,"databaseEnabled":false,"locationContextEnabled":false,"applicationCacheEnabled":false,"browserConnectionEnabled":false,"cssSelectorsEnabled":true,"webStorageEnabled":false,"rotatable":false,"acceptSslCerts":false,"nativeEvents":true,"proxy":{"proxyType":"direct"}}
[INFO  - 2020-01-13T11:10:15.448Z] SessionManagerReqHand - _postNewSessionCommand - New Session Created: 46825e30-35f5-11ea-bd7f-a9f04d659958
[INFO  - 2020-01-13T11:10:15.462Z] ShutdownReqHand - _handle - About to shutdown
[INFO  - 2020-01-13T11:14:16.031Z] GhostDriver - Main - running on port 13843
[INFO  - 2020-01-13T11:14:16.560Z] Session [d6394ac0-35f5-11ea-b8e6-43cb1df37cd7] - page.settings - {"XSSAuditingEnabled":false,"javascriptCanCloseWindows":true,"javascriptCanOpenWindows":true,"javascriptEnabled":true,"loadImages":true,"localToRemoteUrlAccessEnabled":false,"userAgent":"Mozilla/5.0 (Windows NT 6.2; WOW64) AppleWebKit/538.1 (KHTML, like Gecko) PhantomJS/2.1.1 Safari/538.1","webSecurityEnabled":true}
[INFO  - 2020-01-13T11:14:16.560Z] Session [d6394ac0-35f5-11ea-b8e6-43cb1df37cd7] - page.customHeaders:  - {}
[INFO  - 2020-01-13T11:14:16.560Z] Session [d6394ac0-35f5-11ea-b8e6-43cb1df37cd7] - Session.negotiatedCapabilities - {"browserName":"phantomjs","version":"2.1.1","driverName":"ghostdriver","driverVersion":"1.2.0","platform":"windows-10-32bit","javascriptEnabled":true,"takesScreenshot":true,"handlesAlerts":false,"databaseEnabled":false,"locationContextEnabled":false,"applicationCacheEnabled":false,"browserConnectionEnabled":false,"cssSelectorsEnabled":true,"webStorageEnabled":false,"rotatable":false,"acceptSslCerts":false,"nativeEvents":true,"proxy":{"proxyType":"direct"}}
[INFO  - 2020-01-13T11:14:16.560Z] SessionManagerReqHand - _postNewSessionCommand - New Session Created: d6394ac0-35f5-11ea-b8e6-43cb1df37cd7
[INFO  - 2020-01-13T11:14:16.576Z] ShutdownReqHand - _handle - About to shutdown
